13:18:28 **** Incremental Build of configuration Debug for project Risk ****
make all 
Building target: Risk
Invoking: MacOS X C++ Linker
g++  -o "Risk"  ./Card.o ./Deck.o ./Hand.o ./driver.o   
Undefined symbols for architecture x86_64:
  "Card::~Card()", referenced from:
      Deck::Deck(int) in Deck.o
      Deck::Draw() in Deck.o
      _main in driver.o
  "vtable for Card", referenced from:
      Card::Card(Card::cardType) in Card.o
      Card::Card(Card::cardType, std::__1::basic_string<char, std::__1::char_traits<char>, std::__1::allocator<char> >) in Card.o
      Card::Card(Card const&) in Deck.o
      Card::Card(Card const&) in Hand.o
  NOTE: a missing vtable usually means the first non-inline virtual member function has no definition.
ld: symbol(s) not found for architecture x86_64
clang: error: linker command failed with exit code 1 (use -v to see invocation)
make: *** [Risk] Error 1

13:18:29 Build Finished (took 319ms)

